[0.463s] Invoking command in '/home/alix.degironde/Public/tello-ros2/workspace/build/tello_msg': CMAKE_PREFIX_PATH=${CMAKE_PREFIX_PATH}:/home/alix.degironde/Public/tello-ros2/workspace/install/tello:/home/alix.degironde/Public/tello-ros2/workspace/install/controller:/opt/ros/jazzy DEBUGINFOD_URLS=https://debuginfod.ubuntu.com HISTTIMEFORMAT=%F %T PS1=(ven_IROS) \[\e]0;\u@\h: \w\a\]${debian_chroot:+($debian_chroot)}\[\033[01;32m\]\u@\h\[\033[00m\]:\[\033[01;34m\]\w\[\033[00m\]\$ VIRTUAL_ENV_PROMPT=(ven_IROS) /usr/bin/cmake --build /home/alix.degironde/Public/tello-ros2/workspace/build/tello_msg -- -j4 -l4
[0.508s] -- Found ament_cmake: 2.5.4 (/opt/ros/jazzy/share/ament_cmake/cmake)
[0.547s] -- Found Python3: /usr/bin/python3 (found version "3.12.3") found components: Interpreter 
[0.676s] -- Found rosidl_default_generators: 1.6.0 (/opt/ros/jazzy/share/rosidl_default_generators/cmake)
[0.680s] -- Using all available rosidl_typesupport_c: rosidl_typesupport_fastrtps_c;rosidl_typesupport_introspection_c
[0.744s] -- Using all available rosidl_typesupport_cpp: rosidl_typesupport_fastrtps_cpp;rosidl_typesupport_introspection_cpp
[0.792s] -- Found rosidl_adapter: 4.6.6 (/opt/ros/jazzy/share/rosidl_adapter/cmake)
[0.794s] -- Found std_msgs: 5.3.6 (/opt/ros/jazzy/share/std_msgs/cmake)
[0.835s] -- Found geometry_msgs: 5.3.6 (/opt/ros/jazzy/share/geometry_msgs/cmake)
[0.855s] -- Found action_msgs: 2.0.3 (/opt/ros/jazzy/share/action_msgs/cmake)
[1.559s] -- Found ament_cmake_cppcheck: 0.17.3 (/opt/ros/jazzy/share/ament_cmake_cppcheck/cmake)
[1.559s] -- Found ament_cmake_cpplint: 0.17.3 (/opt/ros/jazzy/share/ament_cmake_cpplint/cmake)
[1.561s] -- Found ament_cmake_uncrustify: 0.17.3 (/opt/ros/jazzy/share/ament_cmake_uncrustify/cmake)
[1.562s] -- Found ament_cmake_ros: 0.12.0 (/opt/ros/jazzy/share/ament_cmake_ros/cmake)
[1.886s] -- Using all available rosidl_typesupport_c: rosidl_typesupport_fastrtps_c;rosidl_typesupport_introspection_c
[2.306s] -- Using all available rosidl_typesupport_cpp: rosidl_typesupport_fastrtps_cpp;rosidl_typesupport_introspection_cpp
[2.310s] -- Found python_cmake_module: 0.11.1 (/opt/ros/jazzy/share/python_cmake_module/cmake)
[2.741s] -- Found Python3: /usr/bin/python3 (found version "3.12.3") found components: Interpreter Development NumPy Development.Module Development.Embed 
[2.821s] -- Found ament_cmake_flake8: 0.17.3 (/opt/ros/jazzy/share/ament_cmake_flake8/cmake)
[2.822s] -- Found ament_cmake_pep257: 0.17.3 (/opt/ros/jazzy/share/ament_cmake_pep257/cmake)
[2.832s] -- Configuring done (2.3s)
[2.913s] -- Generating done (0.1s)
[2.936s] -- Build files have been written to: /home/alix.degironde/Public/tello-ros2/workspace/build/tello_msg
[3.050s] [  1%] [34m[1mGenerating type hashes for ROS interfaces[0m
[3.065s] [  1%] Built target ament_cmake_python_copy_tello_msg
[3.716s] running egg_info
[3.776s] writing tello_msg.egg-info/PKG-INFO
[3.777s] writing dependency_links to tello_msg.egg-info/dependency_links.txt
[3.778s] writing top-level names to tello_msg.egg-info/top_level.txt
[3.791s] [  1%] Built target tello_msg__rosidl_generator_type_description
[3.832s] [  2%] [34m[1mGenerating C code for ROS interfaces[0m
[3.847s] [  4%] [34m[1mGenerating C++ code for ROS interfaces[0m
[3.955s] reading manifest file 'tello_msg.egg-info/SOURCES.txt'
[3.956s] writing manifest file 'tello_msg.egg-info/SOURCES.txt'
[4.066s] [  4%] Built target ament_cmake_python_build_tello_msg_egg
[5.499s] [  4%] Built target tello_msg__cpp
[5.798s] [  5%] [32mBuilding C object CMakeFiles/tello_msg__rosidl_generator_c.dir/rosidl_generator_c/tello_msg/msg/detail/tello_status__description.c.o[0m
[5.798s] [  6%] [32mBuilding C object CMakeFiles/tello_msg__rosidl_generator_c.dir/rosidl_generator_c/tello_msg/msg/detail/tello_status__functions.c.o[0m
[5.806s] [  8%] [32mBuilding C object CMakeFiles/tello_msg__rosidl_generator_c.dir/rosidl_generator_c/tello_msg/msg/detail/tello_status__type_support.c.o[0m
[5.807s] [  9%] [32mBuilding C object CMakeFiles/tello_msg__rosidl_generator_c.dir/rosidl_generator_c/tello_msg/msg/detail/tello_id__description.c.o[0m
[5.925s] [ 10%] [32mBuilding C object CMakeFiles/tello_msg__rosidl_generator_c.dir/rosidl_generator_c/tello_msg/msg/detail/tello_id__functions.c.o[0m
[5.960s] [ 12%] [32mBuilding C object CMakeFiles/tello_msg__rosidl_generator_c.dir/rosidl_generator_c/tello_msg/msg/detail/tello_id__type_support.c.o[0m
[5.989s] [ 13%] [32mBuilding C object CMakeFiles/tello_msg__rosidl_generator_c.dir/rosidl_generator_c/tello_msg/msg/detail/tello_wifi_config__description.c.o[0m
[6.018s] [ 14%] [32mBuilding C object CMakeFiles/tello_msg__rosidl_generator_c.dir/rosidl_generator_c/tello_msg/msg/detail/tello_wifi_config__functions.c.o[0m
[6.050s] [ 16%] [32mBuilding C object CMakeFiles/tello_msg__rosidl_generator_c.dir/rosidl_generator_c/tello_msg/msg/detail/tello_wifi_config__type_support.c.o[0m
[6.071s] [ 17%] [32mBuilding C object CMakeFiles/tello_msg__rosidl_generator_c.dir/rosidl_generator_c/tello_msg/srv/detail/drone_mode__description.c.o[0m
[6.089s] [ 18%] [32mBuilding C object CMakeFiles/tello_msg__rosidl_generator_c.dir/rosidl_generator_c/tello_msg/srv/detail/drone_mode__functions.c.o[0m
[6.125s] [ 20%] [32mBuilding C object CMakeFiles/tello_msg__rosidl_generator_c.dir/rosidl_generator_c/tello_msg/srv/detail/drone_mode__type_support.c.o[0m
[6.145s] [ 21%] [32mBuilding C object CMakeFiles/tello_msg__rosidl_generator_c.dir/rosidl_generator_c/tello_msg/action/detail/spielberg__description.c.o[0m
[6.180s] In file included from [01m[K/home/alix.degironde/Public/tello-ros2/workspace/build/tello_msg/rosidl_generator_c/tello_msg/action/detail/spielberg__functions.h:28[m[K,
[6.181s]                  from [01m[K/home/alix.degironde/Public/tello-ros2/workspace/build/tello_msg/rosidl_generator_c/tello_msg/action/detail/spielberg__description.c:5[m[K:
[6.181s] [01m[K/home/alix.degironde/Public/tello-ros2/workspace/build/tello_msg/rosidl_generator_c/tello_msg/action/detail/spielberg__struct.h:26:8:[m[K [01;31m[Kerror: [m[Kexpected identifier or â€˜[01m[K([m[Kâ€™ before â€˜[01m[Kdo[m[Kâ€™
[6.181s]    26 |   bool [01;31m[Kdo[m[K;
[6.182s]       |        [01;31m[K^~[m[K
[6.182s] [01m[K/home/alix.degironde/Public/tello-ros2/workspace/build/tello_msg/rosidl_generator_c/tello_msg/action/detail/spielberg__struct.h:27:1:[m[K [01;35m[Kwarning: [m[Kno semicolon at end of struct or union
[6.182s]    27 | [01;35m[K}[m[K tello_msg__action__Spielberg_Goal;
[6.182s]       | [01;35m[K^[m[K
[6.206s] [ 22%] [32mBuilding C object CMakeFiles/tello_msg__rosidl_generator_c.dir/rosidl_generator_c/tello_msg/action/detail/spielberg__functions.c.o[0m
[6.228s] gmake[2]: *** [CMakeFiles/tello_msg__rosidl_generator_c.dir/build.make:443 : CMakeFiles/tello_msg__rosidl_generator_c.dir/rosidl_generator_c/tello_msg/action/detail/spielberg__description.c.o] Erreur 1
[6.228s] gmake[2]: *** Attente des tÃ¢ches non terminÃ©es....
[6.243s] [ 24%] [32mBuilding C object CMakeFiles/tello_msg__rosidl_generator_c.dir/rosidl_generator_c/tello_msg/action/detail/spielberg__type_support.c.o[0m
[6.252s] In file included from [01m[K/home/alix.degironde/Public/tello-ros2/workspace/build/tello_msg/rosidl_generator_c/tello_msg/action/detail/spielberg__functions.h:28[m[K,
[6.252s]                  from [01m[K/home/alix.degironde/Public/tello-ros2/workspace/build/tello_msg/rosidl_generator_c/tello_msg/action/detail/spielberg__functions.c:4[m[K:
[6.253s] [01m[K/home/alix.degironde/Public/tello-ros2/workspace/build/tello_msg/rosidl_generator_c/tello_msg/action/detail/spielberg__struct.h:26:8:[m[K [01;31m[Kerror: [m[Kexpected identifier or â€˜[01m[K([m[Kâ€™ before â€˜[01m[Kdo[m[Kâ€™
[6.253s]    26 |   bool [01;31m[Kdo[m[K;
[6.253s]       |        [01;31m[K^~[m[K
[6.253s] [01m[K/home/alix.degironde/Public/tello-ros2/workspace/build/tello_msg/rosidl_generator_c/tello_msg/action/detail/spielberg__struct.h:27:1:[m[K [01;35m[Kwarning: [m[Kno semicolon at end of struct or union
[6.253s]    27 | [01;35m[K}[m[K tello_msg__action__Spielberg_Goal;
[6.253s]       | [01;35m[K^[m[K
[6.259s] [01m[K/home/alix.degironde/Public/tello-ros2/workspace/build/tello_msg/rosidl_generator_c/tello_msg/action/detail/spielberg__functions.c:[m[K In function â€˜[01m[Ktello_msg__action__Spielberg_Goal__are_equal[m[Kâ€™:
[6.261s] [01m[K/home/alix.degironde/Public/tello-ros2/workspace/build/tello_msg/rosidl_generator_c/tello_msg/action/detail/spielberg__functions.c:40:12:[m[K [01;31m[Kerror: [m[Kexpected identifier before â€˜[01m[Kdo[m[Kâ€™
[6.261s]    40 |   if (lhs->[01;31m[Kdo[m[K != rhs->do) {
[6.262s]       |            [01;31m[K^~[m[K
[6.264s] [01m[K/home/alix.degironde/Public/tello-ros2/workspace/build/tello_msg/rosidl_generator_c/tello_msg/action/detail/spielberg__functions.c:[m[K In function â€˜[01m[Ktello_msg__action__Spielberg_Goal__copy[m[Kâ€™:
[6.264s] [01m[K/home/alix.degironde/Public/tello-ros2/workspace/build/tello_msg/rosidl_generator_c/tello_msg/action/detail/spielberg__functions.c:55:11:[m[K [01;31m[Kerror: [m[Kexpected identifier before â€˜[01m[Kdo[m[Kâ€™
[6.265s]    55 |   output->[01;31m[Kdo[m[K = input->do;
[6.265s]       |           [01;31m[K^~[m[K
[6.286s] In file included from [01m[K/home/alix.degironde/Public/tello-ros2/workspace/build/tello_msg/rosidl_generator_c/tello_msg/action/detail/spielberg__functions.h:28[m[K,
[6.286s]                  from [01m[K/home/alix.degironde/Public/tello-ros2/workspace/build/tello_msg/rosidl_generator_c/tello_msg/action/detail/spielberg__type_support.c:8[m[K:
[6.286s] [01m[K/home/alix.degironde/Public/tello-ros2/workspace/build/tello_msg/rosidl_generator_c/tello_msg/action/detail/spielberg__struct.h:26:8:[m[K [01;31m[Kerror: [m[Kexpected identifier or â€˜[01m[K([m[Kâ€™ before â€˜[01m[Kdo[m[Kâ€™
[6.287s]    26 |   bool [01;31m[Kdo[m[K;
[6.287s]       |        [01;31m[K^~[m[K
[6.290s] [01m[K/home/alix.degironde/Public/tello-ros2/workspace/build/tello_msg/rosidl_generator_c/tello_msg/action/detail/spielberg__struct.h:27:1:[m[K [01;35m[Kwarning: [m[Kno semicolon at end of struct or union
[6.290s]    27 | [01;35m[K}[m[K tello_msg__action__Spielberg_Goal;
[6.290s]       | [01;35m[K^[m[K
[6.291s] gmake[2]: *** [CMakeFiles/tello_msg__rosidl_generator_c.dir/build.make:457 : CMakeFiles/tello_msg__rosidl_generator_c.dir/rosidl_generator_c/tello_msg/action/detail/spielberg__functions.c.o] Erreur 1
[6.298s] gmake[2]: *** [CMakeFiles/tello_msg__rosidl_generator_c.dir/build.make:471 : CMakeFiles/tello_msg__rosidl_generator_c.dir/rosidl_generator_c/tello_msg/action/detail/spielberg__type_support.c.o] Erreur 1
[6.306s] gmake[1]: *** [CMakeFiles/Makefile2:241 : CMakeFiles/tello_msg__rosidl_generator_c.dir/all] Erreur 2
[6.307s] gmake: *** [Makefile:146 : all] Erreur 2
[6.312s] Invoked command in '/home/alix.degironde/Public/tello-ros2/workspace/build/tello_msg' returned '2': CMAKE_PREFIX_PATH=${CMAKE_PREFIX_PATH}:/home/alix.degironde/Public/tello-ros2/workspace/install/tello:/home/alix.degironde/Public/tello-ros2/workspace/install/controller:/opt/ros/jazzy DEBUGINFOD_URLS=https://debuginfod.ubuntu.com HISTTIMEFORMAT=%F %T PS1=(ven_IROS) \[\e]0;\u@\h: \w\a\]${debian_chroot:+($debian_chroot)}\[\033[01;32m\]\u@\h\[\033[00m\]:\[\033[01;34m\]\w\[\033[00m\]\$ VIRTUAL_ENV_PROMPT=(ven_IROS) /usr/bin/cmake --build /home/alix.degironde/Public/tello-ros2/workspace/build/tello_msg -- -j4 -l4
